/COM,ANSYS RELEASE Release 18.1      BUILD 18.1      UP20170403       16:48:11
/COM,ANSYS RELEASE Release 18.1      BUILD 18.1      UP20170403       16:48:16
/COM,ANSYS RELEASE Release 18.1      BUILD 18.1      UP20170403       16:48:20
/COM,ANSYS RELEASE Release 18.1      BUILD 18.1      UP20170403       16:48:25
/COM,ANSYS RELEASE Release 18.1      BUILD 18.1      UP20170403       16:48:29
/COM,ANSYS RELEASE Release 18.1      BUILD 18.1      UP20170403       16:48:34
/COM,ANSYS RELEASE Release 18.1      BUILD 18.1      UP20170403       16:48:38
/COM,ANSYS RELEASE Release 18.1      BUILD 18.1      UP20170403       16:48:43
/COM,ANSYS RELEASE Release 18.1      BUILD 18.1      UP20170403       16:48:47
/COM,ANSYS RELEASE Release 18.1      BUILD 18.1      UP20170403       16:48:52
/COM,ANSYS RELEASE Release 18.1      BUILD 18.1      UP20170403       16:48:56
/COM,ANSYS RELEASE Release 18.1      BUILD 18.1      UP20170403       16:49:01
/COM,ANSYS RELEASE Release 18.1      BUILD 18.1      UP20170403       16:49:05
/COM,ANSYS RELEASE Release 18.1      BUILD 18.1      UP20170403       16:49:10
/COM,ANSYS RELEASE Release 18.1      BUILD 18.1      UP20170403       16:49:14
/COM,ANSYS RELEASE Release 18.1      BUILD 18.1      UP20170403       16:49:19
/COM,ANSYS RELEASE Release 18.1      BUILD 18.1      UP20170403       16:49:23
/COM,ANSYS RELEASE Release 18.1      BUILD 18.1      UP20170403       16:49:28
/COM,ANSYS RELEASE Release 18.1      BUILD 18.1      UP20170403       16:49:32
/COM,ANSYS RELEASE Release 18.1      BUILD 18.1      UP20170403       16:49:37
/COM,ANSYS RELEASE Release 18.1      BUILD 18.1      UP20170403       16:49:42
/COM,ANSYS RELEASE Release 18.1      BUILD 18.1      UP20170403       16:49:46
/COM,ANSYS RELEASE Release 18.1      BUILD 18.1      UP20170403       16:49:51
/COM,ANSYS RELEASE Release 18.1      BUILD 18.1      UP20170403       16:49:55
/COM,ANSYS RELEASE Release 18.1      BUILD 18.1      UP20170403       16:50:00
/COM,ANSYS RELEASE Release 18.1      BUILD 18.1      UP20170403       16:50:04
/COM,ANSYS RELEASE Release 18.1      BUILD 18.1      UP20170403       16:50:09
/COM,ANSYS RELEASE Release 18.1      BUILD 18.1      UP20170403       16:50:13
/COM,ANSYS RELEASE Release 18.1      BUILD 18.1      UP20170403       16:57:32
/COM,ANSYS RELEASE Release 18.1      BUILD 18.1      UP20170403       16:57:37
/COM,ANSYS RELEASE Release 18.1      BUILD 18.1      UP20170403       16:57:42
/COM,ANSYS RELEASE Release 18.1      BUILD 18.1      UP20170403       16:57:46
/COM,ANSYS RELEASE Release 18.1      BUILD 18.1      UP20170403       16:57:51
/COM,ANSYS RELEASE Release 18.1      BUILD 18.1      UP20170403       16:57:55
/COM,ANSYS RELEASE Release 18.1      BUILD 18.1      UP20170403       16:58:00
/COM,ANSYS RELEASE Release 18.1      BUILD 18.1      UP20170403       16:58:05
/COM,ANSYS RELEASE Release 18.1      BUILD 18.1      UP20170403       16:58:10
/COM,ANSYS RELEASE Release 18.1      BUILD 18.1      UP20170403       16:58:14
/COM,ANSYS RELEASE Release 18.1      BUILD 18.1      UP20170403       16:58:19
/COM,ANSYS RELEASE Release 18.1      BUILD 18.1      UP20170403       16:58:23
/COM,ANSYS RELEASE Release 18.1      BUILD 18.1      UP20170403       16:58:28
/COM,ANSYS RELEASE Release 18.1      BUILD 18.1      UP20170403       16:58:33
/COM,ANSYS RELEASE Release 18.1      BUILD 18.1      UP20170403       16:58:37
/COM,ANSYS RELEASE Release 18.1      BUILD 18.1      UP20170403       16:59:21
/COM,ANSYS RELEASE Release 18.1      BUILD 18.1      UP20170403       16:59:27
/COM,ANSYS RELEASE Release 18.1      BUILD 18.1      UP20170403       16:59:34
/COM,ANSYS RELEASE Release 18.1      BUILD 18.1      UP20170403       16:59:40
/COM,ANSYS RELEASE Release 18.1      BUILD 18.1      UP20170403       16:59:46
/COM,ANSYS RELEASE Release 18.1      BUILD 18.1      UP20170403       16:59:53
/COM,ANSYS RELEASE Release 18.1      BUILD 18.1      UP20170403       16:59:59
/COM,ANSYS RELEASE Release 18.1      BUILD 18.1      UP20170403       17:23:52
/COM,ANSYS RELEASE Release 18.1      BUILD 18.1      UP20170403       20:39:09
/COM,ANSYS RELEASE Release 18.1      BUILD 18.1      UP20170403       20:39:49
/COM,ANSYS RELEASE Release 18.1      BUILD 18.1      UP20170403       20:39:57
/COM,ANSYS RELEASE Release 18.1      BUILD 18.1      UP20170403       20:44:45
/COM,ANSYS RELEASE Release 18.1      BUILD 18.1      UP20170403       20:44:53
/COM,ANSYS RELEASE Release 18.1      BUILD 18.1      UP20170403       20:45:01
/COM,ANSYS RELEASE Release 18.1      BUILD 18.1      UP20170403       20:45:09
/COM,ANSYS RELEASE Release 18.1      BUILD 18.1      UP20170403       20:45:17
/COM,ANSYS RELEASE Release 18.1      BUILD 18.1      UP20170403       20:45:26
/COM,ANSYS RELEASE Release 18.1      BUILD 18.1      UP20170403       20:45:34
/COM,ANSYS RELEASE Release 18.1      BUILD 18.1      UP20170403       20:45:41
/COM,ANSYS RELEASE Release 18.1      BUILD 18.1      UP20170403       20:45:49
/COM,ANSYS RELEASE Release 18.1      BUILD 18.1      UP20170403       20:45:57
/COM,ANSYS RELEASE Release 18.1      BUILD 18.1      UP20170403       20:51:25
/COM,ANSYS RELEASE Release 18.1      BUILD 18.1      UP20170403       20:51:33
/COM,ANSYS RELEASE Release 18.1      BUILD 18.1      UP20170403       20:51:42
/COM,ANSYS RELEASE Release 18.1      BUILD 18.1      UP20170403       20:52:18
/COM,ANSYS RELEASE Release 18.1      BUILD 18.1      UP20170403       20:52:27
/COM,ANSYS RELEASE Release 18.1      BUILD 18.1      UP20170403       20:52:35
/COM,ANSYS RELEASE Release 18.1      BUILD 18.1      UP20170403       20:52:43
/COM,ANSYS RELEASE Release 18.1      BUILD 18.1      UP20170403       20:52:51
/COM,ANSYS RELEASE Release 18.1      BUILD 18.1      UP20170403       20:52:59
/COM,ANSYS RELEASE Release 18.1      BUILD 18.1      UP20170403       20:53:07
/COM,ANSYS RELEASE Release 18.1      BUILD 18.1      UP20170403       20:53:15
/COM,ANSYS RELEASE Release 18.1      BUILD 18.1      UP20170403       20:53:23
/COM,ANSYS RELEASE Release 18.1      BUILD 18.1      UP20170403       20:53:31
/COM,ANSYS RELEASE Release 18.1      BUILD 18.1      UP20170403       20:56:45
/COM,ANSYS RELEASE Release 18.1      BUILD 18.1      UP20170403       20:56:54
/COM,ANSYS RELEASE Release 18.1      BUILD 18.1      UP20170403       20:57:02
/COM,ANSYS RELEASE Release 18.1      BUILD 18.1      UP20170403       20:57:11
/COM,ANSYS RELEASE Release 18.1      BUILD 18.1      UP20170403       20:57:19
/COM,ANSYS RELEASE Release 18.1      BUILD 18.1      UP20170403       20:57:27
/COM,ANSYS RELEASE Release 18.1      BUILD 18.1      UP20170403       20:57:35
/COM,ANSYS RELEASE Release 18.1      BUILD 18.1      UP20170403       20:57:43
/COM,ANSYS RELEASE Release 18.1      BUILD 18.1      UP20170403       20:57:51
/COM,ANSYS RELEASE Release 18.1      BUILD 18.1      UP20170403       20:57:59
/COM,ANSYS RELEASE Release 18.1      BUILD 18.1      UP20170403       21:03:28

 *** WARNING ***                         CP =       0.266   TIME= 21:03:29
 File J:\Documents\ME578\Midterm\Working_Directory\Optimized_beam.igs    
 does not exist.                                                         
  The IGES command is ignored.                                           

 *** WARNING ***                         CP =       0.266   TIME= 21:03:29
 Because keypoint merging has not been performed, automatic volume       
 creation is suppressed.                                                 

 *** ERROR ***                           CP =       0.266   TIME= 21:03:29
 There are no entities defined for the CHKMSH macro.  Either             
  1) The log file has been corrupted.                                    
  2) Entity numbers have changed from revision to revision.              
  Correct log file or update entity numbers to be meshed in the FITEM    
  or xSEL commands that create the list of picked entities to be         
 meshed.                                                                 
  This may also cause errors during the next mesh command.               
/COM,ANSYS RELEASE Release 18.1      BUILD 18.1      UP20170403       21:08:11
/COM,ANSYS RELEASE Release 18.1      BUILD 18.1      UP20170403       21:08:21
/COM,ANSYS RELEASE Release 18.1      BUILD 18.1      UP20170403       21:08:31
/COM,ANSYS RELEASE Release 18.1      BUILD 18.1      UP20170403       21:08:41
/COM,ANSYS RELEASE Release 18.1      BUILD 18.1      UP20170403       21:08:51
/COM,ANSYS RELEASE Release 18.1      BUILD 18.1      UP20170403       21:09:01
/COM,ANSYS RELEASE Release 18.1      BUILD 18.1      UP20170403       21:09:11
/COM,ANSYS RELEASE Release 18.1      BUILD 18.1      UP20170403       21:09:21
/COM,ANSYS RELEASE Release 18.1      BUILD 18.1      UP20170403       21:09:31
/COM,ANSYS RELEASE Release 18.1      BUILD 18.1      UP20170403       21:09:41
/COM,ANSYS RELEASE Release 18.1      BUILD 18.1      UP20170403       21:13:03
/COM,ANSYS RELEASE Release 18.1      BUILD 18.1      UP20170403       21:13:13
/COM,ANSYS RELEASE Release 18.1      BUILD 18.1      UP20170403       21:13:23
/COM,ANSYS RELEASE Release 18.1      BUILD 18.1      UP20170403       21:13:33
/COM,ANSYS RELEASE Release 18.1      BUILD 18.1      UP20170403       21:13:43
/COM,ANSYS RELEASE Release 18.1      BUILD 18.1      UP20170403       21:13:54
/COM,ANSYS RELEASE Release 18.1      BUILD 18.1      UP20170403       21:14:04
/COM,ANSYS RELEASE Release 18.1      BUILD 18.1      UP20170403       21:14:14
/COM,ANSYS RELEASE Release 18.1      BUILD 18.1      UP20170403       21:14:25
/COM,ANSYS RELEASE Release 18.1      BUILD 18.1      UP20170403       21:14:35
/COM,ANSYS RELEASE Release 18.1      BUILD 18.1      UP20170403       21:17:01
/COM,ANSYS RELEASE Release 18.1      BUILD 18.1      UP20170403       21:17:43
/COM,ANSYS RELEASE Release 18.1      BUILD 18.1      UP20170403       21:20:32
/COM,ANSYS RELEASE Release 18.1      BUILD 18.1      UP20170403       21:20:42
/COM,ANSYS RELEASE Release 18.1      BUILD 18.1      UP20170403       21:20:52
/COM,ANSYS RELEASE Release 18.1      BUILD 18.1      UP20170403       21:21:02
/COM,ANSYS RELEASE Release 18.1      BUILD 18.1      UP20170403       21:21:12
/COM,ANSYS RELEASE Release 18.1      BUILD 18.1      UP20170403       21:21:22
/COM,ANSYS RELEASE Release 18.1      BUILD 18.1      UP20170403       21:21:32
/COM,ANSYS RELEASE Release 18.1      BUILD 18.1      UP20170403       21:21:43
/COM,ANSYS RELEASE Release 18.1      BUILD 18.1      UP20170403       21:21:53
/COM,ANSYS RELEASE Release 18.1      BUILD 18.1      UP20170403       21:22:05
/COM,ANSYS RELEASE Release 18.1      BUILD 18.1      UP20170403       08:18:05
/COM,ANSYS RELEASE Release 18.1      BUILD 18.1      UP20170403       08:19:15
/COM,ANSYS RELEASE Release 18.1      BUILD 18.1      UP20170403       08:19:25
/COM,ANSYS RELEASE Release 18.1      BUILD 18.1      UP20170403       08:19:35
/COM,ANSYS RELEASE Release 18.1      BUILD 18.1      UP20170403       08:19:45
/COM,ANSYS RELEASE Release 18.1      BUILD 18.1      UP20170403       08:19:55
/COM,ANSYS RELEASE Release 18.1      BUILD 18.1      UP20170403       08:20:05
/COM,ANSYS RELEASE Release 18.1      BUILD 18.1      UP20170403       08:20:15
/COM,ANSYS RELEASE Release 18.1      BUILD 18.1      UP20170403       08:20:25
/COM,ANSYS RELEASE Release 18.1      BUILD 18.1      UP20170403       08:20:35
/COM,ANSYS RELEASE Release 18.1      BUILD 18.1      UP20170403       08:20:45
/COM,ANSYS RELEASE Release 18.1      BUILD 18.1      UP20170403       08:36:13
/COM,ANSYS RELEASE Release 18.1      BUILD 18.1      UP20170403       08:45:47
/COM,ANSYS RELEASE Release 18.1      BUILD 18.1      UP20170403       08:45:57
/COM,ANSYS RELEASE Release 18.1      BUILD 18.1      UP20170403       08:46:06
/COM,ANSYS RELEASE Release 18.1      BUILD 18.1      UP20170403       08:46:15
/COM,ANSYS RELEASE Release 18.1      BUILD 18.1      UP20170403       08:46:25
/COM,ANSYS RELEASE Release 18.1      BUILD 18.1      UP20170403       08:46:35
/COM,ANSYS RELEASE Release 18.1      BUILD 18.1      UP20170403       08:46:44
/COM,ANSYS RELEASE Release 18.1      BUILD 18.1      UP20170403       08:46:54
/COM,ANSYS RELEASE Release 18.1      BUILD 18.1      UP20170403       08:47:03
/COM,ANSYS RELEASE Release 18.1      BUILD 18.1      UP20170403       08:47:12
/COM,ANSYS RELEASE Release 18.1      BUILD 18.1      UP20170403       09:09:13
/COM,ANSYS RELEASE Release 18.1      BUILD 18.1      UP20170403       09:09:23
/COM,ANSYS RELEASE Release 18.1      BUILD 18.1      UP20170403       09:09:32
/COM,ANSYS RELEASE Release 18.1      BUILD 18.1      UP20170403       09:09:42
/COM,ANSYS RELEASE Release 18.1      BUILD 18.1      UP20170403       09:09:51
/COM,ANSYS RELEASE Release 18.1      BUILD 18.1      UP20170403       09:10:00
/COM,ANSYS RELEASE Release 18.1      BUILD 18.1      UP20170403       09:10:10
/COM,ANSYS RELEASE Release 18.1      BUILD 18.1      UP20170403       09:10:19
/COM,ANSYS RELEASE Release 18.1      BUILD 18.1      UP20170403       09:10:29
/COM,ANSYS RELEASE Release 18.1      BUILD 18.1      UP20170403       09:10:38
/COM,ANSYS RELEASE Release 18.1      BUILD 18.1      UP20170403       09:10:48
/COM,ANSYS RELEASE Release 18.1      BUILD 18.1      UP20170403       09:17:13
/COM,ANSYS RELEASE Release 18.1      BUILD 18.1      UP20170403       09:17:22
/COM,ANSYS RELEASE Release 18.1      BUILD 18.1      UP20170403       09:17:31
/COM,ANSYS RELEASE Release 18.1      BUILD 18.1      UP20170403       09:17:41
/COM,ANSYS RELEASE Release 18.1      BUILD 18.1      UP20170403       09:17:50
/COM,ANSYS RELEASE Release 18.1      BUILD 18.1      UP20170403       09:17:59
/COM,ANSYS RELEASE Release 18.1      BUILD 18.1      UP20170403       09:18:08
/COM,ANSYS RELEASE Release 18.1      BUILD 18.1      UP20170403       09:18:18
/COM,ANSYS RELEASE Release 18.1      BUILD 18.1      UP20170403       09:18:28
/COM,ANSYS RELEASE Release 18.1      BUILD 18.1      UP20170403       09:18:37
/COM,ANSYS RELEASE Release 18.1      BUILD 18.1      UP20170403       09:18:47
/COM,ANSYS RELEASE Release 18.1      BUILD 18.1      UP20170403       09:23:50
/COM,ANSYS RELEASE Release 18.1      BUILD 18.1      UP20170403       09:23:59
/COM,ANSYS RELEASE Release 18.1      BUILD 18.1      UP20170403       09:24:09
/COM,ANSYS RELEASE Release 18.1      BUILD 18.1      UP20170403       09:24:18
/COM,ANSYS RELEASE Release 18.1      BUILD 18.1      UP20170403       09:24:27
/COM,ANSYS RELEASE Release 18.1      BUILD 18.1      UP20170403       09:24:36
/COM,ANSYS RELEASE Release 18.1      BUILD 18.1      UP20170403       09:24:46
/COM,ANSYS RELEASE Release 18.1      BUILD 18.1      UP20170403       09:24:55
/COM,ANSYS RELEASE Release 18.1      BUILD 18.1      UP20170403       09:25:05
/COM,ANSYS RELEASE Release 18.1      BUILD 18.1      UP20170403       09:25:14
/COM,ANSYS RELEASE Release 18.1      BUILD 18.1      UP20170403       09:25:24
/COM,ANSYS RELEASE Release 18.1      BUILD 18.1      UP20170403       09:25:34
/COM,ANSYS RELEASE Release 18.1      BUILD 18.1      UP20170403       09:25:43
/COM,ANSYS RELEASE Release 18.1      BUILD 18.1      UP20170403       09:25:52
/COM,ANSYS RELEASE Release 18.1      BUILD 18.1      UP20170403       09:26:02
/COM,ANSYS RELEASE Release 18.1      BUILD 18.1      UP20170403       09:26:11
/COM,ANSYS RELEASE Release 18.1      BUILD 18.1      UP20170403       09:26:21
/COM,ANSYS RELEASE Release 18.1      BUILD 18.1      UP20170403       09:26:30
/COM,ANSYS RELEASE Release 18.1      BUILD 18.1      UP20170403       09:26:40
/COM,ANSYS RELEASE Release 18.1      BUILD 18.1      UP20170403       09:26:49
/COM,ANSYS RELEASE Release 18.1      BUILD 18.1      UP20170403       09:26:59
/COM,ANSYS RELEASE Release 18.1      BUILD 18.1      UP20170403       09:27:08
/COM,ANSYS RELEASE Release 18.1      BUILD 18.1      UP20170403       09:27:17
/COM,ANSYS RELEASE Release 18.1      BUILD 18.1      UP20170403       09:27:27
/COM,ANSYS RELEASE Release 18.1      BUILD 18.1      UP20170403       09:27:36
/COM,ANSYS RELEASE Release 18.1      BUILD 18.1      UP20170403       09:27:46
/COM,ANSYS RELEASE Release 18.1      BUILD 18.1      UP20170403       09:27:55
/COM,ANSYS RELEASE Release 18.1      BUILD 18.1      UP20170403       09:28:04
/COM,ANSYS RELEASE Release 18.1      BUILD 18.1      UP20170403       09:28:14
/COM,ANSYS RELEASE Release 18.1      BUILD 18.1      UP20170403       09:28:23
/COM,ANSYS RELEASE Release 18.1      BUILD 18.1      UP20170403       09:28:33
/COM,ANSYS RELEASE Release 18.1      BUILD 18.1      UP20170403       09:28:43
/COM,ANSYS RELEASE Release 18.1      BUILD 18.1      UP20170403       09:28:52
/COM,ANSYS RELEASE Release 18.1      BUILD 18.1      UP20170403       09:29:01
/COM,ANSYS RELEASE Release 18.1      BUILD 18.1      UP20170403       09:29:10
/COM,ANSYS RELEASE Release 18.1      BUILD 18.1      UP20170403       09:29:20
/COM,ANSYS RELEASE Release 18.1      BUILD 18.1      UP20170403       09:29:29
/COM,ANSYS RELEASE Release 18.1      BUILD 18.1      UP20170403       09:29:39
/COM,ANSYS RELEASE Release 18.1      BUILD 18.1      UP20170403       09:29:48
/COM,ANSYS RELEASE Release 18.1      BUILD 18.1      UP20170403       09:29:57
/COM,ANSYS RELEASE Release 18.1      BUILD 18.1      UP20170403       09:30:07
/COM,ANSYS RELEASE Release 18.1      BUILD 18.1      UP20170403       09:30:16
/COM,ANSYS RELEASE Release 18.1      BUILD 18.1      UP20170403       09:30:25
/COM,ANSYS RELEASE Release 18.1      BUILD 18.1      UP20170403       09:30:34
/COM,ANSYS RELEASE Release 18.1      BUILD 18.1      UP20170403       09:30:44
/COM,ANSYS RELEASE Release 18.1      BUILD 18.1      UP20170403       09:30:53
/COM,ANSYS RELEASE Release 18.1      BUILD 18.1      UP20170403       09:31:02
/COM,ANSYS RELEASE Release 18.1      BUILD 18.1      UP20170403       09:31:12
/COM,ANSYS RELEASE Release 18.1      BUILD 18.1      UP20170403       09:31:21
/COM,ANSYS RELEASE Release 18.1      BUILD 18.1      UP20170403       09:31:31
/COM,ANSYS RELEASE Release 18.1      BUILD 18.1      UP20170403       09:31:40
/COM,ANSYS RELEASE Release 18.1      BUILD 18.1      UP20170403       09:31:49
/COM,ANSYS RELEASE Release 18.1      BUILD 18.1      UP20170403       09:31:59
/COM,ANSYS RELEASE Release 18.1      BUILD 18.1      UP20170403       09:32:08
/COM,ANSYS RELEASE Release 18.1      BUILD 18.1      UP20170403       09:32:18
/COM,ANSYS RELEASE Release 18.1      BUILD 18.1      UP20170403       09:32:27
/COM,ANSYS RELEASE Release 18.1      BUILD 18.1      UP20170403       09:32:37
/COM,ANSYS RELEASE Release 18.1      BUILD 18.1      UP20170403       09:32:46
/COM,ANSYS RELEASE Release 18.1      BUILD 18.1      UP20170403       09:32:56
/COM,ANSYS RELEASE Release 18.1      BUILD 18.1      UP20170403       09:33:05
/COM,ANSYS RELEASE Release 18.1      BUILD 18.1      UP20170403       09:33:15
/COM,ANSYS RELEASE Release 18.1      BUILD 18.1      UP20170403       09:33:24
/COM,ANSYS RELEASE Release 18.1      BUILD 18.1      UP20170403       09:33:33
/COM,ANSYS RELEASE Release 18.1      BUILD 18.1      UP20170403       09:33:42
/COM,ANSYS RELEASE Release 18.1      BUILD 18.1      UP20170403       09:33:52
/COM,ANSYS RELEASE Release 18.1      BUILD 18.1      UP20170403       09:34:01
/COM,ANSYS RELEASE Release 18.1      BUILD 18.1      UP20170403       09:34:11
/COM,ANSYS RELEASE Release 18.1      BUILD 18.1      UP20170403       09:34:20
/COM,ANSYS RELEASE Release 18.1      BUILD 18.1      UP20170403       09:34:29
/COM,ANSYS RELEASE Release 18.1      BUILD 18.1      UP20170403       09:34:39
/COM,ANSYS RELEASE Release 18.1      BUILD 18.1      UP20170403       09:34:48
/COM,ANSYS RELEASE Release 18.1      BUILD 18.1      UP20170403       09:34:58
/COM,ANSYS RELEASE Release 18.1      BUILD 18.1      UP20170403       09:35:07
/COM,ANSYS RELEASE Release 18.1      BUILD 18.1      UP20170403       09:35:16
/COM,ANSYS RELEASE Release 18.1      BUILD 18.1      UP20170403       09:35:26
/COM,ANSYS RELEASE Release 18.1      BUILD 18.1      UP20170403       09:35:35
/COM,ANSYS RELEASE Release 18.1      BUILD 18.1      UP20170403       09:35:44
/COM,ANSYS RELEASE Release 18.1      BUILD 18.1      UP20170403       09:35:53
/COM,ANSYS RELEASE Release 18.1      BUILD 18.1      UP20170403       09:36:03
/COM,ANSYS RELEASE Release 18.1      BUILD 18.1      UP20170403       09:36:13
/COM,ANSYS RELEASE Release 18.1      BUILD 18.1      UP20170403       09:36:23
/COM,ANSYS RELEASE Release 18.1      BUILD 18.1      UP20170403       09:36:32
/COM,ANSYS RELEASE Release 18.1      BUILD 18.1      UP20170403       09:36:41
/COM,ANSYS RELEASE Release 18.1      BUILD 18.1      UP20170403       09:36:51
/COM,ANSYS RELEASE Release 18.1      BUILD 18.1      UP20170403       09:37:00
/COM,ANSYS RELEASE Release 18.1      BUILD 18.1      UP20170403       09:37:10
/COM,ANSYS RELEASE Release 18.1      BUILD 18.1      UP20170403       09:37:19
/COM,ANSYS RELEASE Release 18.1      BUILD 18.1      UP20170403       09:37:28
/COM,ANSYS RELEASE Release 18.1      BUILD 18.1      UP20170403       09:37:38
/COM,ANSYS RELEASE Release 18.1      BUILD 18.1      UP20170403       09:37:47
/COM,ANSYS RELEASE Release 18.1      BUILD 18.1      UP20170403       09:37:57
/COM,ANSYS RELEASE Release 18.1      BUILD 18.1      UP20170403       09:38:06
/COM,ANSYS RELEASE Release 18.1      BUILD 18.1      UP20170403       09:38:16
/COM,ANSYS RELEASE Release 18.1      BUILD 18.1      UP20170403       09:38:25
/COM,ANSYS RELEASE Release 18.1      BUILD 18.1      UP20170403       09:38:35
/COM,ANSYS RELEASE Release 18.1      BUILD 18.1      UP20170403       09:38:45
/COM,ANSYS RELEASE Release 18.1      BUILD 18.1      UP20170403       09:38:54
/COM,ANSYS RELEASE Release 18.1      BUILD 18.1      UP20170403       09:39:03
/COM,ANSYS RELEASE Release 18.1      BUILD 18.1      UP20170403       09:39:13
/COM,ANSYS RELEASE Release 18.1      BUILD 18.1      UP20170403       09:39:22
/COM,ANSYS RELEASE Release 18.1      BUILD 18.1      UP20170403       09:39:32
/COM,ANSYS RELEASE Release 18.1      BUILD 18.1      UP20170403       09:40:33
/COM,ANSYS RELEASE Release 18.1      BUILD 18.1      UP20170403       09:40:42
/COM,ANSYS RELEASE Release 18.1      BUILD 18.1      UP20170403       09:40:52
/COM,ANSYS RELEASE Release 18.1      BUILD 18.1      UP20170403       09:41:01
/COM,ANSYS RELEASE Release 18.1      BUILD 18.1      UP20170403       09:41:11
/COM,ANSYS RELEASE Release 18.1      BUILD 18.1      UP20170403       09:41:20
/COM,ANSYS RELEASE Release 18.1      BUILD 18.1      UP20170403       09:41:29
/COM,ANSYS RELEASE Release 18.1      BUILD 18.1      UP20170403       09:41:39
/COM,ANSYS RELEASE Release 18.1      BUILD 18.1      UP20170403       09:41:48
/COM,ANSYS RELEASE Release 18.1      BUILD 18.1      UP20170403       09:41:58
/COM,ANSYS RELEASE Release 18.1      BUILD 18.1      UP20170403       09:42:08
/COM,ANSYS RELEASE Release 18.1      BUILD 18.1      UP20170403       09:42:18
/COM,ANSYS RELEASE Release 18.1      BUILD 18.1      UP20170403       09:42:27
/COM,ANSYS RELEASE Release 18.1      BUILD 18.1      UP20170403       09:42:36
/COM,ANSYS RELEASE Release 18.1      BUILD 18.1      UP20170403       09:42:46
/COM,ANSYS RELEASE Release 18.1      BUILD 18.1      UP20170403       09:42:55
/COM,ANSYS RELEASE Release 18.1      BUILD 18.1      UP20170403       09:43:05
/COM,ANSYS RELEASE Release 18.1      BUILD 18.1      UP20170403       09:43:14
/COM,ANSYS RELEASE Release 18.1      BUILD 18.1      UP20170403       09:43:23
/COM,ANSYS RELEASE Release 18.1      BUILD 18.1      UP20170403       09:43:33
/COM,ANSYS RELEASE Release 18.1      BUILD 18.1      UP20170403       09:43:43
/COM,ANSYS RELEASE Release 18.1      BUILD 18.1      UP20170403       09:43:52
/COM,ANSYS RELEASE Release 18.1      BUILD 18.1      UP20170403       09:44:02
/COM,ANSYS RELEASE Release 18.1      BUILD 18.1      UP20170403       09:44:11
/COM,ANSYS RELEASE Release 18.1      BUILD 18.1      UP20170403       09:44:21
/COM,ANSYS RELEASE Release 18.1      BUILD 18.1      UP20170403       09:44:30
/COM,ANSYS RELEASE Release 18.1      BUILD 18.1      UP20170403       09:44:39
/COM,ANSYS RELEASE Release 18.1      BUILD 18.1      UP20170403       09:44:49
/COM,ANSYS RELEASE Release 18.1      BUILD 18.1      UP20170403       09:44:58
/COM,ANSYS RELEASE Release 18.1      BUILD 18.1      UP20170403       09:45:08
/COM,ANSYS RELEASE Release 18.1      BUILD 18.1      UP20170403       09:45:17
/COM,ANSYS RELEASE Release 18.1      BUILD 18.1      UP20170403       09:45:27
/COM,ANSYS RELEASE Release 18.1      BUILD 18.1      UP20170403       09:45:36
/COM,ANSYS RELEASE Release 18.1      BUILD 18.1      UP20170403       09:45:46
/COM,ANSYS RELEASE Release 18.1      BUILD 18.1      UP20170403       09:45:55
/COM,ANSYS RELEASE Release 18.1      BUILD 18.1      UP20170403       09:46:04
/COM,ANSYS RELEASE Release 18.1      BUILD 18.1      UP20170403       09:46:14
/COM,ANSYS RELEASE Release 18.1      BUILD 18.1      UP20170403       09:46:24
/COM,ANSYS RELEASE Release 18.1      BUILD 18.1      UP20170403       09:46:33
/COM,ANSYS RELEASE Release 18.1      BUILD 18.1      UP20170403       09:46:43
/COM,ANSYS RELEASE Release 18.1      BUILD 18.1      UP20170403       09:46:53
/COM,ANSYS RELEASE Release 18.1      BUILD 18.1      UP20170403       09:47:02
/COM,ANSYS RELEASE Release 18.1      BUILD 18.1      UP20170403       09:47:12
/COM,ANSYS RELEASE Release 18.1      BUILD 18.1      UP20170403       09:47:21
/COM,ANSYS RELEASE Release 18.1      BUILD 18.1      UP20170403       09:47:31
/COM,ANSYS RELEASE Release 18.1      BUILD 18.1      UP20170403       09:47:40
/COM,ANSYS RELEASE Release 18.1      BUILD 18.1      UP20170403       09:47:49
/COM,ANSYS RELEASE Release 18.1      BUILD 18.1      UP20170403       09:47:59
/COM,ANSYS RELEASE Release 18.1      BUILD 18.1      UP20170403       09:48:08
/COM,ANSYS RELEASE Release 18.1      BUILD 18.1      UP20170403       09:48:18
/COM,ANSYS RELEASE Release 18.1      BUILD 18.1      UP20170403       09:48:27
/COM,ANSYS RELEASE Release 18.1      BUILD 18.1      UP20170403       09:48:37
/COM,ANSYS RELEASE Release 18.1      BUILD 18.1      UP20170403       09:48:46
/COM,ANSYS RELEASE Release 18.1      BUILD 18.1      UP20170403       09:48:56
/COM,ANSYS RELEASE Release 18.1      BUILD 18.1      UP20170403       09:49:05
/COM,ANSYS RELEASE Release 18.1      BUILD 18.1      UP20170403       09:49:14
/COM,ANSYS RELEASE Release 18.1      BUILD 18.1      UP20170403       09:49:24
/COM,ANSYS RELEASE Release 18.1      BUILD 18.1      UP20170403       09:49:33
/COM,ANSYS RELEASE Release 18.1      BUILD 18.1      UP20170403       09:49:43
/COM,ANSYS RELEASE Release 18.1      BUILD 18.1      UP20170403       09:49:52
/COM,ANSYS RELEASE Release 18.1      BUILD 18.1      UP20170403       09:50:01
/COM,ANSYS RELEASE Release 18.1      BUILD 18.1      UP20170403       09:50:11
/COM,ANSYS RELEASE Release 18.1      BUILD 18.1      UP20170403       09:50:20
/COM,ANSYS RELEASE Release 18.1      BUILD 18.1      UP20170403       09:50:29
/COM,ANSYS RELEASE Release 18.1      BUILD 18.1      UP20170403       09:50:39
/COM,ANSYS RELEASE Release 18.1      BUILD 18.1      UP20170403       09:50:48
/COM,ANSYS RELEASE Release 18.1      BUILD 18.1      UP20170403       09:50:58
/COM,ANSYS RELEASE Release 18.1      BUILD 18.1      UP20170403       09:51:07
/COM,ANSYS RELEASE Release 18.1      BUILD 18.1      UP20170403       09:51:17
/COM,ANSYS RELEASE Release 18.1      BUILD 18.1      UP20170403       09:51:26
/COM,ANSYS RELEASE Release 18.1      BUILD 18.1      UP20170403       09:51:36
/COM,ANSYS RELEASE Release 18.1      BUILD 18.1      UP20170403       09:51:45
/COM,ANSYS RELEASE Release 18.1      BUILD 18.1      UP20170403       09:51:54
/COM,ANSYS RELEASE Release 18.1      BUILD 18.1      UP20170403       09:52:04
/COM,ANSYS RELEASE Release 18.1      BUILD 18.1      UP20170403       09:52:13
/COM,ANSYS RELEASE Release 18.1      BUILD 18.1      UP20170403       09:52:23
/COM,ANSYS RELEASE Release 18.1      BUILD 18.1      UP20170403       09:52:32
/COM,ANSYS RELEASE Release 18.1      BUILD 18.1      UP20170403       09:52:42
/COM,ANSYS RELEASE Release 18.1      BUILD 18.1      UP20170403       09:52:51
/COM,ANSYS RELEASE Release 18.1      BUILD 18.1      UP20170403       09:53:01
/COM,ANSYS RELEASE Release 18.1      BUILD 18.1      UP20170403       09:53:11
/COM,ANSYS RELEASE Release 18.1      BUILD 18.1      UP20170403       09:53:20
/COM,ANSYS RELEASE Release 18.1      BUILD 18.1      UP20170403       09:53:30
/COM,ANSYS RELEASE Release 18.1      BUILD 18.1      UP20170403       09:53:40
/COM,ANSYS RELEASE Release 18.1      BUILD 18.1      UP20170403       09:53:49
/COM,ANSYS RELEASE Release 18.1      BUILD 18.1      UP20170403       09:53:59
/COM,ANSYS RELEASE Release 18.1      BUILD 18.1      UP20170403       09:54:08
/COM,ANSYS RELEASE Release 18.1      BUILD 18.1      UP20170403       09:54:17
/COM,ANSYS RELEASE Release 18.1      BUILD 18.1      UP20170403       09:54:27
/COM,ANSYS RELEASE Release 18.1      BUILD 18.1      UP20170403       09:54:36
/COM,ANSYS RELEASE Release 18.1      BUILD 18.1      UP20170403       09:54:45
/COM,ANSYS RELEASE Release 18.1      BUILD 18.1      UP20170403       09:54:55
/COM,ANSYS RELEASE Release 18.1      BUILD 18.1      UP20170403       09:55:05
/COM,ANSYS RELEASE Release 18.1      BUILD 18.1      UP20170403       09:55:14
/COM,ANSYS RELEASE Release 18.1      BUILD 18.1      UP20170403       09:55:24
/COM,ANSYS RELEASE Release 18.1      BUILD 18.1      UP20170403       09:55:34
/COM,ANSYS RELEASE Release 18.1      BUILD 18.1      UP20170403       09:55:43
/COM,ANSYS RELEASE Release 18.1      BUILD 18.1      UP20170403       09:55:53
/COM,ANSYS RELEASE Release 18.1      BUILD 18.1      UP20170403       09:56:02
/COM,ANSYS RELEASE Release 18.1      BUILD 18.1      UP20170403       09:56:12
/COM,ANSYS RELEASE Release 18.1      BUILD 18.1      UP20170403       09:56:21
/COM,ANSYS RELEASE Release 18.1      BUILD 18.1      UP20170403       09:56:31
/COM,ANSYS RELEASE Release 18.1      BUILD 18.1      UP20170403       09:56:40
/COM,ANSYS RELEASE Release 18.1      BUILD 18.1      UP20170403       09:56:50
/COM,ANSYS RELEASE Release 18.1      BUILD 18.1      UP20170403       09:56:59
/COM,ANSYS RELEASE Release 18.1      BUILD 18.1      UP20170403       09:57:09
/COM,ANSYS RELEASE Release 18.1      BUILD 18.1      UP20170403       09:57:18
/COM,ANSYS RELEASE Release 18.1      BUILD 18.1      UP20170403       09:57:28
/COM,ANSYS RELEASE Release 18.1      BUILD 18.1      UP20170403       09:57:37
/COM,ANSYS RELEASE Release 18.1      BUILD 18.1      UP20170403       09:57:47
/COM,ANSYS RELEASE Release 18.1      BUILD 18.1      UP20170403       09:57:56
/COM,ANSYS RELEASE Release 18.1      BUILD 18.1      UP20170403       09:58:05
/COM,ANSYS RELEASE Release 18.1      BUILD 18.1      UP20170403       09:58:15
/COM,ANSYS RELEASE Release 18.1      BUILD 18.1      UP20170403       09:58:24
/COM,ANSYS RELEASE Release 18.1      BUILD 18.1      UP20170403       09:58:33
/COM,ANSYS RELEASE Release 18.1      BUILD 18.1      UP20170403       09:58:43
/COM,ANSYS RELEASE Release 18.1      BUILD 18.1      UP20170403       09:58:52
/COM,ANSYS RELEASE Release 18.1      BUILD 18.1      UP20170403       09:59:02
/COM,ANSYS RELEASE Release 18.1      BUILD 18.1      UP20170403       09:59:11
/COM,ANSYS RELEASE Release 18.1      BUILD 18.1      UP20170403       09:59:21
/COM,ANSYS RELEASE Release 18.1      BUILD 18.1      UP20170403       09:59:31
/COM,ANSYS RELEASE Release 18.1      BUILD 18.1      UP20170403       09:59:40
/COM,ANSYS RELEASE Release 18.1      BUILD 18.1      UP20170403       09:59:50
/COM,ANSYS RELEASE Release 18.1      BUILD 18.1      UP20170403       09:59:59
/COM,ANSYS RELEASE Release 18.1      BUILD 18.1      UP20170403       10:00:09
/COM,ANSYS RELEASE Release 18.1      BUILD 18.1      UP20170403       10:13:49
/COM,ANSYS RELEASE Release 18.1      BUILD 18.1      UP20170403       10:13:59
/COM,ANSYS RELEASE Release 18.1      BUILD 18.1      UP20170403       10:14:08
/COM,ANSYS RELEASE Release 18.1      BUILD 18.1      UP20170403       10:14:17
/COM,ANSYS RELEASE Release 18.1      BUILD 18.1      UP20170403       10:14:27
/COM,ANSYS RELEASE Release 18.1      BUILD 18.1      UP20170403       10:14:36
/COM,ANSYS RELEASE Release 18.1      BUILD 18.1      UP20170403       10:14:45
/COM,ANSYS RELEASE Release 18.1      BUILD 18.1      UP20170403       10:14:55
/COM,ANSYS RELEASE Release 18.1      BUILD 18.1      UP20170403       10:15:04
/COM,ANSYS RELEASE Release 18.1      BUILD 18.1      UP20170403       10:15:13
/COM,ANSYS RELEASE Release 18.1      BUILD 18.1      UP20170403       10:31:19
